<?xml version="1.0" encoding="UTF-8"?>
<testng-results skipped="0" failed="0" ignored="0" total="1" passed="1">
  <reporter-output>
  </reporter-output>
  <suite name="Default suite" duration-ms="11642" started-at="2019-05-23T16:20:25Z" finished-at="2019-05-23T16:20:37Z">
    <groups>
    </groups>
    <test name="Default test" duration-ms="11642" started-at="2019-05-23T16:20:25Z" finished-at="2019-05-23T16:20:37Z">
      <class name="Browsing.parametersInMaeven">
        <test-method status="PASS" signature="browser()[pri:0, instance:Browsing.parametersInMaeven@66a3ffec]" name="browser" duration-ms="11602" started-at="2019-05-23T11:20:25Z" finished-at="2019-05-23T11:20:37Z">
          <reporter-output>
          </reporter-output>
        </test-method> <!-- browser -->
      </class> <!-- Browsing.parametersInMaeven -->
    </test> <!-- Default test -->
  </suite> <!-- Default suite -->
</testng-results>
