<?xml version="1.0" encoding="UTF-8"?>
<testng-results skipped="0" failed="0" ignored="0" total="1" passed="1">
  <reporter-output>
  </reporter-output>
  <suite name="Suite" duration-ms="23083" started-at="2019-06-01T22:10:18Z" finished-at="2019-06-01T22:10:41Z">
    <groups>
    </groups>
    <test name="Test" duration-ms="23083" started-at="2019-06-01T22:10:18Z" finished-at="2019-06-01T22:10:41Z">
      <class name="Browsing.parametersInMaeven">
        <test-method status="PASS" signature="browser(java.lang.String)[pri:0, instance:Browsing.parametersInMaeven@7225790e]" name="browser" duration-ms="23010" started-at="2019-06-01T17:10:18Z" finished-at="2019-06-01T17:10:41Z">
          <params>
            <param index="0">
              <value>
                <![CDATA[http://www.yahoo.com]]>
              </value>
            </param>
          </params>
          <reporter-output>
          </reporter-output>
        </test-method> <!-- browser -->
      </class> <!-- Browsing.parametersInMaeven -->
    </test> <!-- Test -->
  </suite> <!-- Suite -->
</testng-results>
